<?xml version="1.0" encoding="UTF-8"?>
<!-- Generated by org.testng.reporters.JUnitReportReporter -->
<testsuite hostname="UNO-06-pc" failures="0" tests="1" name="com.amar.TestScripts.loginPage" time="1.115" errors="0" timestamp="2025-07-24T15:29:45 IST" skipped="0">
  <testcase classname="com.amar.TestScripts.loginPage" name="login" time="1.115"/>
</testsuite> <!-- com.amar.TestScripts.loginPage -->
