<?xml version="1.0" encoding="UTF-8"?>
<!-- Generated by org.testng.reporters.JUnitReportReporter -->
<testsuite hostname="UNO-06-pc" failures="1" tests="1" name="Scripts.loginPage" time="5.122" errors="0" timestamp="2025-07-24T14:45:52 IST" skipped="0">
  <testcase classname="Scripts.loginPage" name="login" time="5.122">
    <failure message="Page title expected to be: Dashboardss
Received: Dashboard

Call log:
  - Assert &quot;hasTitle&quot; with timeout 5000ms
  - waiting for locator(&quot;:root&quot;)
    4 × locator resolved to &lt;html lang=&quot;en&quot; dir=&quot;ltr&quot; data-theme=&quot;theme-default&quot; data-assets-path=&quot;assets/&quot; class=&quot;light-style customizer-hide&quot; data-template=&quot;vertical-menu-template-free&quot;&gt;…&lt;/html&gt;
      - unexpected value &quot;Login&quot;
    - waiting for&quot; http://unosysdev.com/Amar-Ceramic-Test/dashboard&quot; navigation to finish...
    - navigated to &quot;http://unosysdev.com/Amar-Ceramic-Test/dashboard&quot;
    4 × locator resolved to &lt;html lang=&quot;en&quot; dir=&quot;ltr&quot; data-theme=&quot;theme-default&quot; data-assets-path=&quot;assets/&quot; class=&quot;light-style layout-menu-fixed&quot; data-template=&quot;vertical-menu-template-free&quot;&gt;…&lt;/html&gt;
      - unexpected value &quot;Dashboard&quot;" type="org.opentest4j.AssertionFailedError">
      <![CDATA[org.opentest4j.AssertionFailedError: Page title expected to be: Dashboardss
Received: Dashboard

Call log:
  - Assert "hasTitle" with timeout 5000ms
  - waiting for locator(":root")
    4 × locator resolved to <html lang="en" dir="ltr" data-theme="theme-default" data-assets-path="assets/" class="light-style customizer-hide" data-template="vertical-menu-template-free">…</html>
      - unexpected value "Login"
    - waiting for" http://unosysdev.com/Amar-Ceramic-Test/dashboard" navigation to finish...
    - navigated to "http://unosysdev.com/Amar-Ceramic-Test/dashboard"
    4 × locator resolved to <html lang="en" dir="ltr" data-theme="theme-default" data-assets-path="assets/" class="light-style layout-menu-fixed" data-template="vertical-menu-template-free">…</html>
      - unexpected value "Dashboard"
at com.microsoft.playwright.impl.AssertionsBase.expectImpl(AssertionsBase.java:74)
at com.microsoft.playwright.impl.AssertionsBase.expectImpl(AssertionsBase.java:50)
at com.microsoft.playwright.impl.AssertionsBase.expectImpl(AssertionsBase.java:42)
at com.microsoft.playwright.impl.PageAssertionsImpl.hasTitle(PageAssertionsImpl.java:44)
at com.microsoft.playwright.assertions.PageAssertions.hasTitle(PageAssertions.java:103)
at Scripts.loginPage.login(loginPage.java:20)
at java.base/jdk.internal.reflect.DirectMethodHandleAccessor.invoke(DirectMethodHandleAccessor.java:103)
at java.base/java.lang.reflect.Method.invoke(Method.java:580)
at org.testng.internal.invokers.MethodInvocationHelper.invokeMethod(MethodInvocationHelper.java:141)
at org.testng.internal.invokers.TestInvoker.invokeMethod(TestInvoker.java:686)
at org.testng.internal.invokers.TestInvoker.invokeTestMethod(TestInvoker.java:230)
at org.testng.internal.invokers.MethodRunner.runInSequence(MethodRunner.java:63)
at org.testng.internal.invokers.TestInvoker$MethodInvocationAgent.invoke(TestInvoker.java:992)
at org.testng.internal.invokers.TestInvoker.invokeTestMethods(TestInvoker.java:203)
at org.testng.internal.invokers.TestMethodWorker.invokeTestMethods(TestMethodWorker.java:154)
at org.testng.internal.invokers.TestMethodWorker.run(TestMethodWorker.java:134)
at java.base/java.util.ArrayList.forEach(ArrayList.java:1597)
at org.testng.TestRunner.privateRun(TestRunner.java:739)
at org.testng.TestRunner.run(TestRunner.java:614)
at org.testng.SuiteRunner.runTest(SuiteRunner.java:421)
at org.testng.SuiteRunner.runSequentially(SuiteRunner.java:413)
at org.testng.SuiteRunner.privateRun(SuiteRunner.java:373)
at org.testng.SuiteRunner.run(SuiteRunner.java:312)
at org.testng.SuiteRunnerWorker.runSuite(SuiteRunnerWorker.java:52)
at org.testng.SuiteRunnerWorker.run(SuiteRunnerWorker.java:95)
at org.testng.TestNG.runSuitesSequentially(TestNG.java:1274)
at org.testng.TestNG.runSuitesLocally(TestNG.java:1208)
at org.testng.TestNG.runSuites(TestNG.java:1112)
at org.testng.TestNG.run(TestNG.java:1079)
at org.testng.remote.AbstractRemoteTestNG.run(AbstractRemoteTestNG.java:115)
at org.testng.remote.RemoteTestNG.initAndRun(RemoteTestNG.java:293)
at org.testng.remote.RemoteTestNG.main(RemoteTestNG.java:91)
]]>
    </failure>
  </testcase> <!-- login -->
</testsuite> <!-- Scripts.loginPage -->
