<?xml version="1.0" encoding="UTF-8"?>
<!-- Generated by org.testng.reporters.JUnitReportReporter -->
<testsuite hostname="UNO-06-pc" failures="0" tests="2" name="com.amar.TestScripts.homePageTest" time="1.291" errors="0" timestamp="2025-07-24T18:25:24 IST" skipped="0">
  <testcase classname="com.amar.TestScripts.homePageTest" name="navigateToTheHomePage" time="0.085"/>
  <testcase classname="com.amar.TestScripts.homePageTest" name="homePageActions" time="1.206"/>
</testsuite> <!-- com.amar.TestScripts.homePageTest -->
