<?xml version="1.0" encoding="UTF-8"?>
<!-- Generated by org.testng.reporters.JUnitReportReporter -->
<testsuite hostname="UNO-06-pc" failures="0" tests="1" name="com.amar.TestScripts.loginPageTest" time="0.803" errors="0" timestamp="2025-07-24T18:25:24 IST" skipped="0">
  <testcase classname="com.amar.TestScripts.loginPageTest" name="login" time="0.803"/>
</testsuite> <!-- com.amar.TestScripts.loginPageTest -->
