<?xml version="1.0" encoding="UTF-8"?>
<!-- Generated by org.testng.reporters.JUnitReportReporter -->
<testsuite hostname="UNO-06-pc" failures="0" tests="1" name="demo" time="5.735" errors="0" timestamp="2025-07-23T15:51:31 IST" skipped="0">
  <testcase classname="demo" name="main" time="5.735"/>
</testsuite> <!-- demo -->
